# Generated by main.py at 2023-09-30 21:21:27
# Machine Info: Linux 3.10.0-327.36.3.el7.x86_64
# Hostname:     pauling012
# Git Branch:   main
# Git Commit:   3be3187c4fc03d1909a9be6b258176358e3b4172
# 
# amp[0]: a+_v a_o
# amp[1]: b+
# amp[2]: b+ a+_v a_o
# amp[3]: b+ b+
# amp[4]: b+ b+ a+_v a_o
# amp[5]: b+ b+ b+
# amp[6]: b+ b+ b+ a+_v a_o
# amp[7]: b+ b+ b+ b+
# amp[8]: b+ b+ b+ b+ a+_v a_o
# res: b a+_o a_v
# 
# commu_hbar_order = 1
# amp_e_order      = 1
# amp_p_order      = 4
# bra_e_order      = 1
# bra_p_order      = 1
# 
 1.000000 * einsum('  J,IJai->Iai',      cc_obj.hpx, amp[4])
-1.000000 * einsum('  ji,Iaj->Iai',   cc_obj.h1e.oo, amp[2])
 1.000000 * einsum('  ab,Ibi->Iai',   cc_obj.h1e.vv, amp[2])
 1.000000 * einsum('  IJ,Jai->Iai',      cc_obj.hpp, amp[2])
-1.000000 * einsum('  Iji,aj->Iai', cc_obj.h1p1e.oo, amp[0])
 1.000000 * einsum('  Iab,bi->Iai', cc_obj.h1p1e.vv, amp[0])
 1.000000 * einsum('  Jai,IJ->Iai', cc_obj.h1p1e.vo, amp[3])
-1.000000 * einsum('Jji,IJaj->Iai', cc_obj.h1p1e.oo, amp[4])
 1.000000 * einsum('Jab,IJbi->Iai', cc_obj.h1p1e.vv, amp[4])