# Generated by main.py at 2023-10-01 22:55:18
# Machine Info: Linux 3.10.0-327.36.3.el7.x86_64
# Hostname:     pauling030
# Git Branch:   main
# Git Commit:   05ec14761826cb755a5d22b81e726e76c2cba1c0
# 
# amp[0]: a+_v a_o
# amp[1]: b+
# amp[2]: b+ a+_v a_o
# res: b
# 
# commu_hbar_order = 1
# amp_e_order      = 1
# amp_p_order      = 1
# bra_e_order      = 0
# bra_p_order      = 1
# 
1.000000 * einsum('  IJ,J->I',      cc_obj.hpp, amp[1])
1.000000 * einsum('ia,Iai->I',   cc_obj.h1e.ov, amp[2])
1.000000 * einsum('Iia,ai->I', cc_obj.h1p1e.ov, amp[0])