# Generated by main.py at 2023-10-04 06:37:29
# Machine Info: Linux 3.10.0-327.36.3.el7.x86_64
# Hostname:     pauling011
# Git Branch:   main
# Git Commit:   43eebf812fce4d016c433f484c8fe88d6459875e
# 
# amp[0]: a+_v a_o
# amp[1]: b+
# amp[2]: b+ a+_v a_o
# amp[3]: b+ b+
# amp[4]: b+ b+ a+_v a_o
# amp[5]: b+ b+ b+
# amp[6]: b+ b+ b+ a+_v a_o
# amp[7]: b+ b+ b+ b+
# amp[8]: b+ b+ b+ b+ a+_v a_o
# amp[9]: b+ b+ b+ b+ b+
# amp[10]: b+ b+ b+ b+ b+ a+_v a_o
# amp[11]: b+ b+ b+ b+ b+ b+
# amp[12]: b+ b+ b+ b+ b+ b+ a+_v a_o
# amp[13]: b+ b+ b+ b+ b+ b+ b+
# amp[14]: b+ b+ b+ b+ b+ b+ b+ a+_v a_o
# amp[15]: b+ b+ b+ b+ b+ b+ b+ b+
# amp[16]: b+ b+ b+ b+ b+ b+ b+ b+ a+_v a_o
# res: b b a+_o a_v
# 
# commu_hbar_order = 3
# amp_e_order      = 1
# amp_p_order      = 8
# bra_e_order      = 1
# bra_p_order      = 2
# 
-1.000000 * einsum('Kjb,K,Iaj,Jbi->IJai', cc_obj.h1p1e.ov, amp[1], amp[2], amp[2])
-1.000000 * einsum('Kjb,K,Ibi,Jaj->IJai', cc_obj.h1p1e.ov, amp[1], amp[2], amp[2])
-1.000000 * einsum('Kjb,aj,K,IJbi->IJai', cc_obj.h1p1e.ov, amp[0], amp[1], amp[4])
-1.000000 * einsum('Kjb,aj,Ibi,JK->IJai', cc_obj.h1p1e.ov, amp[0], amp[2], amp[3])
-1.000000 * einsum('Kjb,aj,Jbi,IK->IJai', cc_obj.h1p1e.ov, amp[0], amp[2], amp[3])
-1.000000 * einsum('Kjb,bi,K,IJaj->IJai', cc_obj.h1p1e.ov, amp[0], amp[1], amp[4])
-1.000000 * einsum('Kjb,bi,aj,IJK->IJai', cc_obj.h1p1e.ov, amp[0], amp[0], amp[5])
-1.000000 * einsum('Kjb,bi,Iaj,JK->IJai', cc_obj.h1p1e.ov, amp[0], amp[2], amp[3])
-1.000000 * einsum('Kjb,bi,Jaj,IK->IJai', cc_obj.h1p1e.ov, amp[0], amp[2], amp[3])