# Generated by main.py at 2023-09-30 21:20:16
# Machine Info: Linux 3.10.0-327.36.3.el7.x86_64
# Hostname:     pauling011
# Git Branch:   main
# Git Commit:   3be3187c4fc03d1909a9be6b258176358e3b4172
# 
# amp[0]: a+_v a_o
# amp[1]: b+
# amp[2]: b+ a+_v a_o
# amp[3]: b+ b+
# amp[4]: b+ b+ a+_v a_o
# res: b b a+_o a_v
# 
# commu_hbar_order = 3
# amp_e_order      = 1
# amp_p_order      = 2
# bra_e_order      = 1
# bra_p_order      = 2
# 
-1.000000 * einsum('Kjb,K,Iaj,Jbi->IJai', cc_obj.h1p1e.ov, amp[1], amp[2], amp[2])
-1.000000 * einsum('Kjb,K,Ibi,Jaj->IJai', cc_obj.h1p1e.ov, amp[1], amp[2], amp[2])
-1.000000 * einsum('Kjb,aj,K,IJbi->IJai', cc_obj.h1p1e.ov, amp[0], amp[1], amp[4])
-1.000000 * einsum('Kjb,aj,Ibi,JK->IJai', cc_obj.h1p1e.ov, amp[0], amp[2], amp[3])
-1.000000 * einsum('Kjb,aj,Jbi,IK->IJai', cc_obj.h1p1e.ov, amp[0], amp[2], amp[3])
-1.000000 * einsum('Kjb,bi,K,IJaj->IJai', cc_obj.h1p1e.ov, amp[0], amp[1], amp[4])
-1.000000 * einsum('Kjb,bi,Iaj,JK->IJai', cc_obj.h1p1e.ov, amp[0], amp[2], amp[3])
-1.000000 * einsum('Kjb,bi,Jaj,IK->IJai', cc_obj.h1p1e.ov, amp[0], amp[2], amp[3])