# Generated by main.py at 2023-09-30 21:20:07
# Machine Info: Linux 3.10.0-327.36.3.el7.x86_64
# Hostname:     pauling001
# Git Branch:   main
# Git Commit:   3be3187c4fc03d1909a9be6b258176358e3b4172
# 
# amp[0]: a+_v a_o
# amp[1]: b+
# amp[2]: b+ a+_v a_o
# amp[3]: b+ b+
# amp[4]: b+ b+ a+_v a_o
# amp[5]: b+ b+ b+
# amp[6]: b+ b+ b+ a+_v a_o
# amp[7]: b+ b+ b+ b+
# amp[8]: b+ b+ b+ b+ a+_v a_o
# res: b
# 
# commu_hbar_order = 2
# amp_e_order      = 1
# amp_p_order      = 4
# bra_e_order      = 0
# bra_p_order      = 1
# 
1.000000 * einsum('Jia,J,Iai->I', cc_obj.h1p1e.ov, amp[1], amp[2])
1.000000 * einsum('Jia,ai,IJ->I', cc_obj.h1p1e.ov, amp[0], amp[3])