SLURM_NTASKS = 1
OMP_NUM_THREADS = 1
MKL_NUM_THREADS = 1
OPENBLAS_NUM_THREADS = 1
PYSCF_MAX_MEMORY = 256000
 
:: initializing oneAPI environment ...
   slurm_script: BASH_VERSION = 4.2.46(1)-release
   args: Using "$@" for setvars.sh arguments: --force
:: advisor -- latest
:: ccl -- latest
:: clck -- latest
:: compiler -- latest
:: dal -- latest
:: debugger -- latest
:: dev-utilities -- latest
:: dnnl -- latest
:: dpcpp-ct -- latest
:: dpl -- latest
:: inspector -- latest
:: intelpython -- latest
:: ipp -- latest
:: ippcp -- latest
:: ipp -- latest
:: itac -- latest
:: mkl -- latest
:: mpi -- latest
:: tbb -- latest
:: vpl -- latest
:: vtune -- latest
:: oneAPI environment initialized ::
 
TMPDIR=/scratch/global/yangjunjie/./epcc-e1-p6-h3//e0-p0-h2/-515593/
/home/yangjunjie/work/wick-work-main/work/epcc-e1-p6-h3/e0-p0-h2
Finishing Building Hamiltonian....
Finishing Building T....
Finishing Building Hbar....
Finishing Building bra....
Finishing Initialization....
Number of terms in amplitude   =  13
Number of terms of Hbar        =  3

Generated by main.py at 2023-09-30 21:24:18
Machine Info: Linux 3.10.0-327.36.3.el7.x86_64
Hostname:     pauling012
Git Branch:   main
Git Commit:   3be3187c4fc03d1909a9be6b258176358e3b4172

amp[0]: a+_v a_o
amp[1]: b+
amp[2]: b+ a+_v a_o
amp[3]: b+ b+
amp[4]: b+ b+ a+_v a_o
amp[5]: b+ b+ b+
amp[6]: b+ b+ b+ a+_v a_o
amp[7]: b+ b+ b+ b+
amp[8]: b+ b+ b+ b+ a+_v a_o
amp[9]: b+ b+ b+ b+ b+
amp[10]: b+ b+ b+ b+ b+ a+_v a_o
amp[11]: b+ b+ b+ b+ b+ b+
amp[12]: b+ b+ b+ b+ b+ b+ a+_v a_o

commu_hbar_order = 2
amp_e_order      = 1
amp_p_order      = 6
bra_e_order      = 0
bra_p_order      = 0


Writing the einsum string to file....
