# Generated by main.py at 2023-09-30 21:30:43
# Machine Info: Linux 3.10.0-327.36.3.el7.x86_64
# Hostname:     pauling012
# Git Branch:   main
# Git Commit:   3be3187c4fc03d1909a9be6b258176358e3b4172
# 
# amp[0]: a+_v a_o
# amp[1]: b+
# amp[2]: b+ a+_v a_o
# amp[3]: b+ b+
# amp[4]: b+ b+ a+_v a_o
# amp[5]: b+ b+ b+
# amp[6]: b+ b+ b+ a+_v a_o
# amp[7]: b+ b+ b+ b+
# amp[8]: b+ b+ b+ b+ a+_v a_o
# amp[9]: b+ b+ b+ b+ b+
# amp[10]: b+ b+ b+ b+ b+ a+_v a_o
# amp[11]: b+ b+ b+ b+ b+ b+
# amp[12]: b+ b+ b+ b+ b+ b+ a+_v a_o
# res: b b
# 
# commu_hbar_order = 1
# amp_e_order      = 1
# amp_p_order      = 6
# bra_e_order      = 0
# bra_p_order      = 2
# 
1.000000 * einsum('    K,IJK->IJ',      cc_obj.hpx, amp[5])
1.000000 * einsum('    IK,JK->IJ',      cc_obj.hpp, amp[3])
1.000000 * einsum('    JK,IK->IJ',      cc_obj.hpp, amp[3])
1.000000 * einsum('  ia,IJai->IJ',   cc_obj.h1e.ov, amp[4])
1.000000 * einsum('  Iia,Jai->IJ', cc_obj.h1p1e.ov, amp[2])
1.000000 * einsum('  Jia,Iai->IJ', cc_obj.h1p1e.ov, amp[2])
1.000000 * einsum('Kia,IJKai->IJ', cc_obj.h1p1e.ov, amp[6])