# Generated by main.py at 2023-09-30 21:20:17
# Machine Info: Linux 3.10.0-327.36.3.el7.x86_64
# Hostname:     pauling001
# Git Branch:   main
# Git Commit:   3be3187c4fc03d1909a9be6b258176358e3b4172
# 
# amp[0]: a+_v a_o
# amp[1]: b+
# amp[2]: b+ a+_v a_o
# amp[3]: b+ b+
# amp[4]: b+ b+ a+_v a_o
# amp[5]: b+ b+ b+
# amp[6]: b+ b+ b+ a+_v a_o
# amp[7]: b+ b+ b+ b+
# amp[8]: b+ b+ b+ b+ a+_v a_o
# res: b b b
# 
# commu_hbar_order = 1
# amp_e_order      = 1
# amp_p_order      = 4
# bra_e_order      = 0
# bra_p_order      = 3
# 
1.000000 * einsum('    L,IJKL->IJK',      cc_obj.hpx, amp[7])
1.000000 * einsum('    IL,JKL->IJK',      cc_obj.hpp, amp[5])
1.000000 * einsum('    JL,IKL->IJK',      cc_obj.hpp, amp[5])
1.000000 * einsum('    KL,IJL->IJK',      cc_obj.hpp, amp[5])
1.000000 * einsum('  ia,IJKai->IJK',   cc_obj.h1e.ov, amp[6])
1.000000 * einsum('  Iia,JKai->IJK', cc_obj.h1p1e.ov, amp[4])
1.000000 * einsum('  Jia,IKai->IJK', cc_obj.h1p1e.ov, amp[4])
1.000000 * einsum('  Kia,IJai->IJK', cc_obj.h1p1e.ov, amp[4])
1.000000 * einsum('Lia,IJKLai->IJK', cc_obj.h1p1e.ov, amp[8])