# Generated by main.py at 2023-09-30 21:19:56
# Machine Info: Linux 3.10.0-327.36.3.el7.x86_64
# Hostname:     pauling001
# Git Branch:   main
# Git Commit:   3be3187c4fc03d1909a9be6b258176358e3b4172
# 
# amp[0]: a+_v a_o
# amp[1]: b+
# amp[2]: b+ a+_v a_o
# amp[3]: b+ b+
# amp[4]: b+ b+ a+_v a_o
# res: b b a+_o a_v
# 
# commu_hbar_order = 1
# amp_e_order      = 1
# amp_p_order      = 2
# bra_e_order      = 1
# bra_p_order      = 2
# 
-1.000000 * einsum('ji,IJaj->IJai',   cc_obj.h1e.oo, amp[4])
 1.000000 * einsum('ab,IJbi->IJai',   cc_obj.h1e.vv, amp[4])
 1.000000 * einsum('IK,JKai->IJai',      cc_obj.hpp, amp[4])
 1.000000 * einsum('JK,IKai->IJai',      cc_obj.hpp, amp[4])
-1.000000 * einsum('Iji,Jaj->IJai', cc_obj.h1p1e.oo, amp[2])
 1.000000 * einsum('Iab,Jbi->IJai', cc_obj.h1p1e.vv, amp[2])
-1.000000 * einsum('Jji,Iaj->IJai', cc_obj.h1p1e.oo, amp[2])
 1.000000 * einsum('Jab,Ibi->IJai', cc_obj.h1p1e.vv, amp[2])