SLURM_NTASKS = 1
OMP_NUM_THREADS = 1
MKL_NUM_THREADS = 1
OPENBLAS_NUM_THREADS = 1
PYSCF_MAX_MEMORY = 256000
 
:: initializing oneAPI environment ...
   slurm_script: BASH_VERSION = 4.2.46(1)-release
   args: Using "$@" for setvars.sh arguments: --force
:: advisor -- latest
:: ccl -- latest
:: clck -- latest
:: compiler -- latest
:: dal -- latest
:: debugger -- latest
:: dev-utilities -- latest
:: dnnl -- latest
:: dpcpp-ct -- latest
:: dpl -- latest
:: inspector -- latest
:: intelpython -- latest
:: ipp -- latest
:: ippcp -- latest
:: ipp -- latest
:: itac -- latest
:: mkl -- latest
:: mpi -- latest
:: tbb -- latest
:: vpl -- latest
:: vtune -- latest
:: oneAPI environment initialized ::
 
TMPDIR=/scratch/global/yangjunjie/./epcc-e1-p2-h3//e1-p2-h1/-515548/
/home/yangjunjie/work/wick-work-main/work/epcc-e1-p2-h3/e1-p2-h1
Finishing Building Hamiltonian....
Finishing Building T....
Finishing Building Hbar....
Finishing Building bra....
Finishing Initialization....
Number of terms in amplitude   =  5
Number of terms of Hbar        =  2

Generated by main.py at 2023-09-30 21:19:56
Machine Info: Linux 3.10.0-327.36.3.el7.x86_64
Hostname:     pauling001
Git Branch:   main
Git Commit:   3be3187c4fc03d1909a9be6b258176358e3b4172

amp[0]: a+_v a_o
amp[1]: b+
amp[2]: b+ a+_v a_o
amp[3]: b+ b+
amp[4]: b+ b+ a+_v a_o
res: b b a+_o a_v

commu_hbar_order = 1
amp_e_order      = 1
amp_p_order      = 2
bra_e_order      = 1
bra_p_order      = 2


Writing the einsum string to file....
