# Generated by main.py at 2023-10-01 21:48:28
# Machine Info: Linux 3.10.0-327.36.3.el7.x86_64
# Hostname:     pauling025
# Git Branch:   main
# Git Commit:   3bc31685b43f90bb621c4c4d7dbb161b97523e4c
# 
# amp[0]: a+_v a_o
# amp[1]: b+
# amp[2]: b+ a+_v a_o
# amp[3]: b+ b+
# amp[4]: b+ b+ a+_v a_o
# res: a+_o a_v
# 
# commu_hbar_order = 3
# amp_e_order      = 1
# amp_p_order      = 2
# bra_e_order      = 1
# bra_p_order      = 0
# 
-1.000000 * einsum('Ijb,bi,aj,I->ai', cc_obj.h1p1e.ov, amp[0], amp[0], amp[1])