# Generated by main.py at 2023-09-30 21:20:31
# Machine Info: Linux 3.10.0-327.36.3.el7.x86_64
# Hostname:     pauling011
# Git Branch:   main
# Git Commit:   3be3187c4fc03d1909a9be6b258176358e3b4172
# 
# amp[0]: a+_v a_o
# amp[1]: b+
# amp[2]: b+ a+_v a_o
# amp[3]: b+ b+
# amp[4]: b+ b+ a+_v a_o
# amp[5]: b+ b+ b+
# amp[6]: b+ b+ b+ a+_v a_o
# amp[7]: b+ b+ b+ b+
# amp[8]: b+ b+ b+ b+ a+_v a_o
# res: b b b b
# 
# commu_hbar_order = 1
# amp_e_order      = 1
# amp_p_order      = 4
# bra_e_order      = 0
# bra_p_order      = 4
# 
1.000000 * einsum('  IM,JKLM->IJKL',      cc_obj.hpp, amp[7])
1.000000 * einsum('  JM,IKLM->IJKL',      cc_obj.hpp, amp[7])
1.000000 * einsum('  KM,IJLM->IJKL',      cc_obj.hpp, amp[7])
1.000000 * einsum('  LM,IJKM->IJKL',      cc_obj.hpp, amp[7])
1.000000 * einsum('ia,IJKLai->IJKL',   cc_obj.h1e.ov, amp[8])
1.000000 * einsum('Iia,JKLai->IJKL', cc_obj.h1p1e.ov, amp[6])
1.000000 * einsum('Jia,IKLai->IJKL', cc_obj.h1p1e.ov, amp[6])
1.000000 * einsum('Kia,IJLai->IJKL', cc_obj.h1p1e.ov, amp[6])
1.000000 * einsum('Lia,IJKai->IJKL', cc_obj.h1p1e.ov, amp[6])