# Generated by main.py at 2023-10-01 21:53:06
# Machine Info: Linux 3.10.0-327.36.3.el7.x86_64
# Hostname:     pauling025
# Git Branch:   main
# Git Commit:   07ff97c81730163fd8ae781f2b90987b593c6cc7
# 
# amp[0]: a+_v a_o
# amp[1]: b+
# amp[2]: b+ a+_v a_o
# amp[3]: b+ b+
# amp[4]: b+ b+ a+_v a_o
# amp[5]: b+ b+ b+
# amp[6]: b+ b+ b+ a+_v a_o
# amp[7]: b+ b+ b+ b+
# amp[8]: b+ b+ b+ b+ a+_v a_o
# amp[9]: b+ b+ b+ b+ b+
# amp[10]: b+ b+ b+ b+ b+ a+_v a_o
# amp[11]: b+ b+ b+ b+ b+ b+
# amp[12]: b+ b+ b+ b+ b+ b+ a+_v a_o
# res: a+_o a_v
# 
# commu_hbar_order = 3
# amp_e_order      = 1
# amp_p_order      = 6
# bra_e_order      = 1
# bra_p_order      = 0
# 
-1.000000 * einsum('Ijb,bi,aj,I->ai', cc_obj.h1p1e.ov, amp[0], amp[0], amp[1])