# Generated by main.py at 2023-10-01 22:55:30
# Machine Info: Linux 3.10.0-327.36.3.el7.x86_64
# Hostname:     pauling030
# Git Branch:   main
# Git Commit:   05ec14761826cb755a5d22b81e726e76c2cba1c0
# 
# amp[0]: a+_v a_o
# amp[1]: b+
# amp[2]: b+ a+_v a_o
# res: a+_o a_v
# 
# commu_hbar_order = 1
# amp_e_order      = 1
# amp_p_order      = 1
# bra_e_order      = 1
# bra_p_order      = 0
# 
 1.000000 * einsum('  I,Iai->ai',      cc_obj.hpx, amp[2])
-1.000000 * einsum('  ji,aj->ai',   cc_obj.h1e.oo, amp[0])
 1.000000 * einsum('  ab,bi->ai',   cc_obj.h1e.vv, amp[0])
 1.000000 * einsum('  Iai,I->ai', cc_obj.h1p1e.vo, amp[1])
-1.000000 * einsum('Iji,Iaj->ai', cc_obj.h1p1e.oo, amp[2])
 1.000000 * einsum('Iab,Ibi->ai', cc_obj.h1p1e.vv, amp[2])