# Generated by main.py at 2023-10-01 22:55:46
# Machine Info: Linux 3.10.0-327.36.3.el7.x86_64
# Hostname:     pauling030
# Git Branch:   main
# Git Commit:   05ec14761826cb755a5d22b81e726e76c2cba1c0
# 
# amp[0]: a+_v a_o
# amp[1]: b+
# amp[2]: b+ a+_v a_o
# res: b a+_o a_v
# 
# commu_hbar_order = 2
# amp_e_order      = 1
# amp_p_order      = 1
# bra_e_order      = 1
# bra_p_order      = 1
# 
-1.000000 * einsum('  jb,aj,Ibi->Iai',   cc_obj.h1e.ov, amp[0], amp[2])
-1.000000 * einsum('  jb,bi,Iaj->Iai',   cc_obj.h1e.ov, amp[0], amp[2])
-1.000000 * einsum('  Ijb,bi,aj->Iai', cc_obj.h1p1e.ov, amp[0], amp[0])
-1.000000 * einsum('  Jji,J,Iaj->Iai', cc_obj.h1p1e.oo, amp[1], amp[2])
 1.000000 * einsum('  Jab,J,Ibi->Iai', cc_obj.h1p1e.vv, amp[1], amp[2])
-1.000000 * einsum('Jjb,Iaj,Jbi->Iai', cc_obj.h1p1e.ov, amp[2], amp[2])
-1.000000 * einsum('Jjb,Ibi,Jaj->Iai', cc_obj.h1p1e.ov, amp[2], amp[2])
 1.000000 * einsum('Jjb,Ibj,Jai->Iai', cc_obj.h1p1e.ov, amp[2], amp[2])